<?xml version="1.0" encoding="UTF-8"?>
<!-- Generated by org.testng.reporters.JUnitXMLReporter -->
<testsuite ignored="2" hostname="DESKTOP-C7332C5" failures="0" tests="5" name="Car Loan" time="0.431" errors="0" timestamp="2023-06-14T12:58:28 IST">
  <testcase classname="Test.Day3" name="MobileloginCarLoan" time="0.02"/>
  <testcase classname="Test.Day3" name="MobilesignoutCarLoan" time="0.014"/>
  <testcase classname="Test.Day3" name="MobilesignoutCarLoan" time="0.014"/>
  <testcase classname="Test.Day3" name="MobilesignoutCarLoan" time="0.008"/>
  <testcase classname="Test.Day3" name="WebloginCarLoan" time="0.021"/>
  <testcase classname="Test.Day3" name="APIloginCarLoan" time="0.0">
    <ignored/>
  </testcase> <!-- APIloginCarLoan -->
  <testcase classname="Test.Day3" name="MobilesigninCarLoan" time="0.0">
    <ignored/>
  </testcase> <!-- MobilesigninCarLoan -->
</testsuite> <!-- Car Loan -->
