<?xml version="1.0" encoding="UTF-8"?>
<!-- Generated by org.testng.reporters.JUnitXMLReporter -->
<testsuite ignored="8" hostname="DESKTOP-C7332C5" failures="0" tests="3" name="Regression" time="0.444" errors="0" timestamp="2023-06-14T00:16:53 IST">
  <testcase classname="Test.Day2" name="ploan" time="0.065"/>
  <testcase classname="Test.Day4" name="MobileloginHomeLoan" time="0.005"/>
  <testcase classname="Test.Day3" name="WebloginCarLoan" time="0.011"/>
  <testcase classname="Test.Day3" name="MobileloginCarLoan" time="0.0">
    <ignored/>
  </testcase> <!-- MobileloginCarLoan -->
  <testcase classname="Test.Day4" name="WebloginHomeLoan" time="0.0">
    <ignored/>
  </testcase> <!-- WebloginHomeLoan -->
  <testcase classname="Test.Day4" name="LoginAPIHomeLoan" time="0.0">
    <ignored/>
  </testcase> <!-- LoginAPIHomeLoan -->
  <testcase classname="Test.Day1" name="SecondTest" time="0.0">
    <ignored/>
  </testcase> <!-- SecondTest -->
  <testcase classname="Test.Day3" name="MobilesigninCarLoan" time="0.0">
    <ignored/>
  </testcase> <!-- MobilesigninCarLoan -->
  <testcase classname="Test.Day3" name="APIloginCarLoan" time="0.0">
    <ignored/>
  </testcase> <!-- APIloginCarLoan -->
  <testcase classname="Test.Day3" name="MobilesignoutCarLoan" time="0.0">
    <ignored/>
  </testcase> <!-- MobilesignoutCarLoan -->
  <testcase classname="Test.Day1" name="Demo" time="0.0">
    <ignored/>
  </testcase> <!-- Demo -->
</testsuite> <!-- Regression -->
